<?xml version="1.0" encoding="UTF-8"?>
<!-- Generated by org.testng.reporters.JUnitXMLReporter -->
<testsuite ignored="0" hostname="Aashiq" failures="0" tests="5" name="Default test" time="4.585" errors="0" timestamp="2023-08-22T23:42:23 IST">
  <testcase classname="in.Amazon.RestAssuredDemo.Create_Update_Delete_Resource" name="createPayload" time="0.423"/>
  <testcase classname="in.Amazon.RestAssuredDemo.Create_Update_Delete_Resource" name="createResource" time="2.734"/>
  <testcase classname="in.Amazon.RestAssuredDemo.Create_Update_Delete_Resource" name="verifyResource" time="0.384"/>
  <testcase classname="in.Amazon.RestAssuredDemo.Create_Update_Delete_Resource" name="updateResource" time="0.534"/>
  <testcase classname="in.Amazon.RestAssuredDemo.Create_Update_Delete_Resource" name="deleteResource" time="0.257"/>
</testsuite> <!-- Default test -->
